{
  "RSpec": {
    "coverage": {
      "/Users/alessiobortone/Documents/GitHub/tech_tests/1_Bank/spec/transaction_log_print_spec.rb": [
        null,
        null,
        1,
        null,
        1,
        1,
        1,
        1,
        null,
        null,
        1,
        1,
        1,
        1,
        null,
        null
      ],
      "/Users/alessiobortone/Documents/GitHub/tech_tests/1_Bank/lib/transaction_log.rb": [
        1,
        null,
        null,
        1,
        1,
        1,
        5,
        5,
        null,
        null,
        1,
        2,
        2,
        2,
        null,
        null,
        1,
        2,
        2,
        2,
        null,
        null
      ],
      "/Users/alessiobortone/Documents/GitHub/tech_tests/1_Bank/lib/transaction.rb": [
        1,
        null,
        null,
        1,
        1,
        1,
        15,
        15,
        15,
        null,
        null,
        1,
        4,
        null,
        null,
        1,
        4,
        null,
        null,
        1,
        1,
        null,
        null
      ],
      "/Users/alessiobortone/Documents/GitHub/tech_tests/1_Bank/spec/transaction_log_spec.rb": [
        1,
        null,
        1,
        1,
        4,
        4,
        null,
        null,
        1,
        1,
        null,
        null,
        1,
        1,
        null,
        null,
        1,
        1,
        1,
        null,
        null,
        1,
        1,
        1,
        null,
        null
      ],
      "/Users/alessiobortone/Documents/GitHub/tech_tests/1_Bank/spec/transaction_spec.rb": [
        null,
        null,
        1,
        null,
        1,
        1,
        6,
        null,
        null,
        1,
        1,
        null,
        null,
        1,
        1,
        null,
        null,
        1,
        1,
        null,
        null,
        1,
        1,
        1,
        null,
        null,
        1,
        1,
        1,
        null,
        null,
        1,
        1,
        1,
        1,
        null,
        null
      ]
    },
    "timestamp": 1507052126
  }
}
