{
  "RSpec": {
    "coverage": {
      "/Users/alessiobortone/Documents/GitHub/tech_tests/1_Bank/spec/transaction_ledger_print_spec.rb": [
        null,
        null,
        1,
        null,
        1,
        1,
        1,
        0,
        0,
        null,
        null,
        1,
        0,
        0,
        0,
        null,
        null
      ],
      "/Users/alessiobortone/Documents/GitHub/tech_tests/1_Bank/lib/transaction_ledger_display.rb": [
        null,
        null,
        1,
        1,
        null,
        null,
        1,
        1,
        1,
        0,
        null,
        null,
        1,
        0,
        0,
        null,
        null,
        1,
        0,
        null,
        null,
        1,
        0,
        0,
        0,
        0,
        0,
        null,
        0,
        null,
        null
      ],
      "/Users/alessiobortone/Documents/GitHub/tech_tests/1_Bank/lib/transaction.rb": [
        1,
        null,
        null,
        1,
        1,
        1,
        12,
        12,
        12,
        null,
        null,
        1,
        3,
        null,
        null,
        1,
        3,
        null,
        null,
        1,
        1,
        null,
        null
      ],
      "/Users/alessiobortone/Documents/GitHub/tech_tests/1_Bank/lib/transaction_ledger.rb": [
        null,
        null,
        1,
        null,
        null,
        1,
        1,
        1,
        4,
        4,
        null,
        null,
        1,
        1,
        1,
        1,
        null,
        null,
        1,
        1,
        1,
        1,
        null,
        null
      ],
      "/Users/alessiobortone/Documents/GitHub/tech_tests/1_Bank/spec/transaction_ledger_spec.rb": [
        null,
        null,
        1,
        null,
        1,
        1,
        4,
        4,
        null,
        null,
        1,
        1,
        null,
        null,
        1,
        1,
        null,
        null,
        1,
        1,
        1,
        null,
        null,
        1,
        1,
        1,
        null,
        null
      ],
      "/Users/alessiobortone/Documents/GitHub/tech_tests/1_Bank/spec/transaction_spec.rb": [
        null,
        null,
        1,
        null,
        1,
        1,
        6,
        null,
        null,
        1,
        1,
        null,
        null,
        1,
        1,
        null,
        null,
        1,
        1,
        null,
        null,
        1,
        1,
        1,
        null,
        null,
        1,
        1,
        1,
        null,
        null,
        1,
        1,
        1,
        1,
        null,
        null
      ]
    },
    "timestamp": 1507119242
  }
}
